<?xml version="1.0" encoding="UTF-8"?>
<testsuite xmlns:xsi="http://www.w3.org/2001/XMLSchema-instance" xsi:noNamespaceSchemaLocation="https://maven.apache.org/surefire/maven-surefire-plugin/xsd/surefire-test-report.xsd" name="com.github.nylasolutions.imanipostitprocessor.ImaniPostitProcessorApplicationTests" time="0.071" tests="1" errors="0" skipped="0" failures="1">
  <properties>
    <property name="gopherProxySet" value="false"/>
    <property name="awt.toolkit" value="sun.lwawt.macosx.LWCToolkit"/>
    <property name="file.encoding.pkg" value="sun.io"/>
    <property name="java.specification.version" value="1.8"/>
    <property name="sun.cpu.isalist" value=""/>
    <property name="sun.jnu.encoding" value="UTF-8"/>
    <property name="java.class.path" value="/Projects/solutions/imani/dev/scdf/imani-postit-processor/imani-postit-processor-stream/target/test-classes:/Projects/solutions/imani/dev/scdf/imani-postit-processor/imani-postit-processor-stream/target/classes:/Users/ggreen/.m2/repository/org/springframework/boot/spring-boot-starter-web/2.1.5.RELEASE/spring-boot-starter-web-2.1.5.RELEASE.jar:/Users/ggreen/.m2/repository/org/springframework/boot/spring-boot-starter/2.1.5.RELEASE/spring-boot-starter-2.1.5.RELEASE.jar:/Users/ggreen/.m2/repository/org/springframework/boot/spring-boot/2.1.5.RELEASE/spring-boot-2.1.5.RELEASE.jar:/Users/ggreen/.m2/repository/org/springframework/boot/spring-boot-starter-logging/2.1.5.RELEASE/spring-boot-starter-logging-2.1.5.RELEASE.jar:/Users/ggreen/.m2/repository/ch/qos/logback/logback-classic/1.2.3/logback-classic-1.2.3.jar:/Users/ggreen/.m2/repository/ch/qos/logback/logback-core/1.2.3/logback-core-1.2.3.jar:/Users/ggreen/.m2/repository/org/apache/logging/log4j/log4j-to-slf4j/2.11.2/log4j-to-slf4j-2.11.2.jar:/Users/ggreen/.m2/repository/org/apache/logging/log4j/log4j-api/2.11.2/log4j-api-2.11.2.jar:/Users/ggreen/.m2/repository/org/slf4j/jul-to-slf4j/1.7.26/jul-to-slf4j-1.7.26.jar:/Users/ggreen/.m2/repository/javax/annotation/javax.annotation-api/1.3.2/javax.annotation-api-1.3.2.jar:/Users/ggreen/.m2/repository/org/yaml/snakeyaml/1.23/snakeyaml-1.23.jar:/Users/ggreen/.m2/repository/org/springframework/boot/spring-boot-starter-json/2.1.5.RELEASE/spring-boot-starter-json-2.1.5.RELEASE.jar:/Users/ggreen/.m2/repository/com/fasterxml/jackson/datatype/jackson-datatype-jdk8/2.9.8/jackson-datatype-jdk8-2.9.8.jar:/Users/ggreen/.m2/repository/com/fasterxml/jackson/datatype/jackson-datatype-jsr310/2.9.8/jackson-datatype-jsr310-2.9.8.jar:/Users/ggreen/.m2/repository/com/fasterxml/jackson/module/jackson-module-parameter-names/2.9.8/jackson-module-parameter-names-2.9.8.jar:/Users/ggreen/.m2/repository/org/springframework/boot/spring-boot-starter-tomcat/2.1.5.RELEASE/spring-boot-starter-tomcat-2.1.5.RELEASE.jar:/Users/ggreen/.m2/repository/org/apache/tomcat/embed/tomcat-embed-core/9.0.19/tomcat-embed-core-9.0.19.jar:/Users/ggreen/.m2/repository/org/apache/tomcat/embed/tomcat-embed-el/9.0.19/tomcat-embed-el-9.0.19.jar:/Users/ggreen/.m2/repository/org/apache/tomcat/embed/tomcat-embed-websocket/9.0.19/tomcat-embed-websocket-9.0.19.jar:/Users/ggreen/.m2/repository/org/hibernate/validator/hibernate-validator/6.0.16.Final/hibernate-validator-6.0.16.Final.jar:/Users/ggreen/.m2/repository/javax/validation/validation-api/2.0.1.Final/validation-api-2.0.1.Final.jar:/Users/ggreen/.m2/repository/org/jboss/logging/jboss-logging/3.3.2.Final/jboss-logging-3.3.2.Final.jar:/Users/ggreen/.m2/repository/com/fasterxml/classmate/1.4.0/classmate-1.4.0.jar:/Users/ggreen/.m2/repository/org/springframework/spring-web/5.1.7.RELEASE/spring-web-5.1.7.RELEASE.jar:/Users/ggreen/.m2/repository/org/springframework/spring-beans/5.1.7.RELEASE/spring-beans-5.1.7.RELEASE.jar:/Users/ggreen/.m2/repository/org/springframework/spring-webmvc/5.1.7.RELEASE/spring-webmvc-5.1.7.RELEASE.jar:/Users/ggreen/.m2/repository/org/springframework/spring-aop/5.1.7.RELEASE/spring-aop-5.1.7.RELEASE.jar:/Users/ggreen/.m2/repository/org/springframework/spring-context/5.1.7.RELEASE/spring-context-5.1.7.RELEASE.jar:/Users/ggreen/.m2/repository/org/springframework/spring-expression/5.1.7.RELEASE/spring-expression-5.1.7.RELEASE.jar:/Users/ggreen/.m2/repository/com/fasterxml/jackson/module/jackson-module-kotlin/2.9.8/jackson-module-kotlin-2.9.8.jar:/Users/ggreen/.m2/repository/com/fasterxml/jackson/core/jackson-databind/2.9.8/jackson-databind-2.9.8.jar:/Users/ggreen/.m2/repository/com/fasterxml/jackson/core/jackson-core/2.9.8/jackson-core-2.9.8.jar:/Users/ggreen/.m2/repository/com/fasterxml/jackson/core/jackson-annotations/2.9.0/jackson-annotations-2.9.0.jar:/Users/ggreen/.m2/repository/org/apache/kafka/kafka-streams/2.0.1/kafka-streams-2.0.1.jar:/Users/ggreen/.m2/repository/org/apache/kafka/kafka-clients/2.0.1/kafka-clients-2.0.1.jar:/Users/ggreen/.m2/repository/org/lz4/lz4-java/1.4.1/lz4-java-1.4.1.jar:/Users/ggreen/.m2/repository/org/xerial/snappy/snappy-java/1.1.7.1/snappy-java-1.1.7.1.jar:/Users/ggreen/.m2/repository/org/apache/kafka/connect-json/2.0.1/connect-json-2.0.1.jar:/Users/ggreen/.m2/repository/org/apache/kafka/connect-api/2.0.1/connect-api-2.0.1.jar:/Users/ggreen/.m2/repository/javax/ws/rs/javax.ws.rs-api/2.1/javax.ws.rs-api-2.1.jar:/Users/ggreen/.m2/repository/org/slf4j/slf4j-api/1.7.26/slf4j-api-1.7.26.jar:/Users/ggreen/.m2/repository/org/rocksdb/rocksdbjni/5.7.3/rocksdbjni-5.7.3.jar:/Users/ggreen/.m2/repository/org/jetbrains/kotlin/kotlin-reflect/1.2.71/kotlin-reflect-1.2.71.jar:/Users/ggreen/.m2/repository/org/jetbrains/kotlin/kotlin-stdlib/1.2.71/kotlin-stdlib-1.2.71.jar:/Users/ggreen/.m2/repository/org/jetbrains/kotlin/kotlin-stdlib-common/1.2.71/kotlin-stdlib-common-1.2.71.jar:/Users/ggreen/.m2/repository/org/jetbrains/annotations/13.0/annotations-13.0.jar:/Users/ggreen/.m2/repository/com/github/nyla-solutions/nyla.solutions.core/1.2.4/nyla.solutions.core-1.2.4.jar:/Users/ggreen/.m2/repository/org/jetbrains/kotlin/kotlin-stdlib-jdk8/1.2.71/kotlin-stdlib-jdk8-1.2.71.jar:/Users/ggreen/.m2/repository/org/jetbrains/kotlin/kotlin-stdlib-jdk7/1.2.71/kotlin-stdlib-jdk7-1.2.71.jar:/Users/ggreen/.m2/repository/org/springframework/cloud/spring-cloud-stream/2.1.2.RELEASE/spring-cloud-stream-2.1.2.RELEASE.jar:/Users/ggreen/.m2/repository/org/springframework/boot/spring-boot-starter-validation/2.1.5.RELEASE/spring-boot-starter-validation-2.1.5.RELEASE.jar:/Users/ggreen/.m2/repository/org/springframework/spring-messaging/5.1.7.RELEASE/spring-messaging-5.1.7.RELEASE.jar:/Users/ggreen/.m2/repository/org/springframework/integration/spring-integration-core/5.1.5.RELEASE/spring-integration-core-5.1.5.RELEASE.jar:/Users/ggreen/.m2/repository/org/springframework/spring-tx/5.1.7.RELEASE/spring-tx-5.1.7.RELEASE.jar:/Users/ggreen/.m2/repository/io/projectreactor/reactor-core/3.2.9.RELEASE/reactor-core-3.2.9.RELEASE.jar:/Users/ggreen/.m2/repository/org/reactivestreams/reactive-streams/1.0.2/reactive-streams-1.0.2.jar:/Users/ggreen/.m2/repository/org/springframework/integration/spring-integration-jmx/5.1.5.RELEASE/spring-integration-jmx-5.1.5.RELEASE.jar:/Users/ggreen/.m2/repository/org/springframework/spring-tuple/1.0.0.RELEASE/spring-tuple-1.0.0.RELEASE.jar:/Users/ggreen/.m2/repository/com/esotericsoftware/kryo-shaded/3.0.3/kryo-shaded-3.0.3.jar:/Users/ggreen/.m2/repository/com/esotericsoftware/minlog/1.3.0/minlog-1.3.0.jar:/Users/ggreen/.m2/repository/org/springframework/integration/spring-integration-tuple/1.0.0.RELEASE/spring-integration-tuple-1.0.0.RELEASE.jar:/Users/ggreen/.m2/repository/org/springframework/retry/spring-retry/1.2.4.RELEASE/spring-retry-1.2.4.RELEASE.jar:/Users/ggreen/.m2/repository/org/springframework/cloud/spring-cloud-function-context/2.0.1.RELEASE/spring-cloud-function-context-2.0.1.RELEASE.jar:/Users/ggreen/.m2/repository/org/springframework/cloud/spring-cloud-function-core/2.0.1.RELEASE/spring-cloud-function-core-2.0.1.RELEASE.jar:/Users/ggreen/.m2/repository/org/springframework/cloud/spring-cloud-stream-binder-kafka-streams/2.1.2.RELEASE/spring-cloud-stream-binder-kafka-streams-2.1.2.RELEASE.jar:/Users/ggreen/.m2/repository/org/springframework/cloud/spring-cloud-stream-binder-kafka-core/2.1.2.RELEASE/spring-cloud-stream-binder-kafka-core-2.1.2.RELEASE.jar:/Users/ggreen/.m2/repository/org/springframework/integration/spring-integration-kafka/3.1.0.RELEASE/spring-integration-kafka-3.1.0.RELEASE.jar:/Users/ggreen/.m2/repository/org/springframework/kafka/spring-kafka/2.2.6.RELEASE/spring-kafka-2.2.6.RELEASE.jar:/Users/ggreen/.m2/repository/org/springframework/boot/spring-boot-starter-test/2.1.5.RELEASE/spring-boot-starter-test-2.1.5.RELEASE.jar:/Users/ggreen/.m2/repository/org/springframework/boot/spring-boot-test/2.1.5.RELEASE/spring-boot-test-2.1.5.RELEASE.jar:/Users/ggreen/.m2/repository/org/springframework/boot/spring-boot-test-autoconfigure/2.1.5.RELEASE/spring-boot-test-autoconfigure-2.1.5.RELEASE.jar:/Users/ggreen/.m2/repository/com/jayway/jsonpath/json-path/2.4.0/json-path-2.4.0.jar:/Users/ggreen/.m2/repository/net/minidev/json-smart/2.3/json-smart-2.3.jar:/Users/ggreen/.m2/repository/net/minidev/accessors-smart/1.2/accessors-smart-1.2.jar:/Users/ggreen/.m2/repository/org/ow2/asm/asm/5.0.4/asm-5.0.4.jar:/Users/ggreen/.m2/repository/junit/junit/4.12/junit-4.12.jar:/Users/ggreen/.m2/repository/org/assertj/assertj-core/3.11.1/assertj-core-3.11.1.jar:/Users/ggreen/.m2/repository/org/mockito/mockito-core/2.23.4/mockito-core-2.23.4.jar:/Users/ggreen/.m2/repository/net/bytebuddy/byte-buddy/1.9.12/byte-buddy-1.9.12.jar:/Users/ggreen/.m2/repository/net/bytebuddy/byte-buddy-agent/1.9.12/byte-buddy-agent-1.9.12.jar:/Users/ggreen/.m2/repository/org/objenesis/objenesis/2.6/objenesis-2.6.jar:/Users/ggreen/.m2/repository/org/hamcrest/hamcrest-core/1.3/hamcrest-core-1.3.jar:/Users/ggreen/.m2/repository/org/hamcrest/hamcrest-library/1.3/hamcrest-library-1.3.jar:/Users/ggreen/.m2/repository/org/skyscreamer/jsonassert/1.5.0/jsonassert-1.5.0.jar:/Users/ggreen/.m2/repository/com/vaadin/external/google/android-json/0.0.20131108.vaadin1/android-json-0.0.20131108.vaadin1.jar:/Users/ggreen/.m2/repository/org/springframework/spring-core/5.1.7.RELEASE/spring-core-5.1.7.RELEASE.jar:/Users/ggreen/.m2/repository/org/springframework/spring-jcl/5.1.7.RELEASE/spring-jcl-5.1.7.RELEASE.jar:/Users/ggreen/.m2/repository/org/springframework/spring-test/5.1.7.RELEASE/spring-test-5.1.7.RELEASE.jar:/Users/ggreen/.m2/repository/org/xmlunit/xmlunit-core/2.6.2/xmlunit-core-2.6.2.jar:/Users/ggreen/.m2/repository/org/springframework/cloud/spring-cloud-stream-test-support/2.1.2.RELEASE/spring-cloud-stream-test-support-2.1.2.RELEASE.jar:/Users/ggreen/.m2/repository/org/springframework/boot/spring-boot-autoconfigure/2.1.5.RELEASE/spring-boot-autoconfigure-2.1.5.RELEASE.jar:"/>
    <property name="java.vm.vendor" value="Oracle Corporation"/>
    <property name="sun.arch.data.model" value="64"/>
    <property name="java.vendor.url" value="http://java.oracle.com/"/>
    <property name="user.timezone" value=""/>
    <property name="java.vm.specification.version" value="1.8"/>
    <property name="os.name" value="Mac OS X"/>
    <property name="user.country" value="US"/>
    <property name="sun.java.launcher" value="SUN_STANDARD"/>
    <property name="sun.boot.library.path" value="/Library/Java/JavaVirtualMachines/jdk1.8.0_161.jdk/Contents/Home/jre/lib"/>
    <property name="sun.java.command" value="/Projects/solutions/imani/dev/scdf/imani-postit-processor/imani-postit-processor-stream/target/surefire/surefirebooter4943334250820237956.jar /Projects/solutions/imani/dev/scdf/imani-postit-processor/imani-postit-processor-stream/target/surefire 2019-06-11T15-25-08_584-jvmRun1 surefire6724615600580811238tmp surefire_07293221065517309605tmp"/>
    <property name="http.nonProxyHosts" value="local|*.local|169.254/16|*.169.254/16"/>
    <property name="surefire.test.class.path" value="/Projects/solutions/imani/dev/scdf/imani-postit-processor/imani-postit-processor-stream/target/test-classes:/Projects/solutions/imani/dev/scdf/imani-postit-processor/imani-postit-processor-stream/target/classes:/Users/ggreen/.m2/repository/org/springframework/boot/spring-boot-starter-web/2.1.5.RELEASE/spring-boot-starter-web-2.1.5.RELEASE.jar:/Users/ggreen/.m2/repository/org/springframework/boot/spring-boot-starter/2.1.5.RELEASE/spring-boot-starter-2.1.5.RELEASE.jar:/Users/ggreen/.m2/repository/org/springframework/boot/spring-boot/2.1.5.RELEASE/spring-boot-2.1.5.RELEASE.jar:/Users/ggreen/.m2/repository/org/springframework/boot/spring-boot-starter-logging/2.1.5.RELEASE/spring-boot-starter-logging-2.1.5.RELEASE.jar:/Users/ggreen/.m2/repository/ch/qos/logback/logback-classic/1.2.3/logback-classic-1.2.3.jar:/Users/ggreen/.m2/repository/ch/qos/logback/logback-core/1.2.3/logback-core-1.2.3.jar:/Users/ggreen/.m2/repository/org/apache/logging/log4j/log4j-to-slf4j/2.11.2/log4j-to-slf4j-2.11.2.jar:/Users/ggreen/.m2/repository/org/apache/logging/log4j/log4j-api/2.11.2/log4j-api-2.11.2.jar:/Users/ggreen/.m2/repository/org/slf4j/jul-to-slf4j/1.7.26/jul-to-slf4j-1.7.26.jar:/Users/ggreen/.m2/repository/javax/annotation/javax.annotation-api/1.3.2/javax.annotation-api-1.3.2.jar:/Users/ggreen/.m2/repository/org/yaml/snakeyaml/1.23/snakeyaml-1.23.jar:/Users/ggreen/.m2/repository/org/springframework/boot/spring-boot-starter-json/2.1.5.RELEASE/spring-boot-starter-json-2.1.5.RELEASE.jar:/Users/ggreen/.m2/repository/com/fasterxml/jackson/datatype/jackson-datatype-jdk8/2.9.8/jackson-datatype-jdk8-2.9.8.jar:/Users/ggreen/.m2/repository/com/fasterxml/jackson/datatype/jackson-datatype-jsr310/2.9.8/jackson-datatype-jsr310-2.9.8.jar:/Users/ggreen/.m2/repository/com/fasterxml/jackson/module/jackson-module-parameter-names/2.9.8/jackson-module-parameter-names-2.9.8.jar:/Users/ggreen/.m2/repository/org/springframework/boot/spring-boot-starter-tomcat/2.1.5.RELEASE/spring-boot-starter-tomcat-2.1.5.RELEASE.jar:/Users/ggreen/.m2/repository/org/apache/tomcat/embed/tomcat-embed-core/9.0.19/tomcat-embed-core-9.0.19.jar:/Users/ggreen/.m2/repository/org/apache/tomcat/embed/tomcat-embed-el/9.0.19/tomcat-embed-el-9.0.19.jar:/Users/ggreen/.m2/repository/org/apache/tomcat/embed/tomcat-embed-websocket/9.0.19/tomcat-embed-websocket-9.0.19.jar:/Users/ggreen/.m2/repository/org/hibernate/validator/hibernate-validator/6.0.16.Final/hibernate-validator-6.0.16.Final.jar:/Users/ggreen/.m2/repository/javax/validation/validation-api/2.0.1.Final/validation-api-2.0.1.Final.jar:/Users/ggreen/.m2/repository/org/jboss/logging/jboss-logging/3.3.2.Final/jboss-logging-3.3.2.Final.jar:/Users/ggreen/.m2/repository/com/fasterxml/classmate/1.4.0/classmate-1.4.0.jar:/Users/ggreen/.m2/repository/org/springframework/spring-web/5.1.7.RELEASE/spring-web-5.1.7.RELEASE.jar:/Users/ggreen/.m2/repository/org/springframework/spring-beans/5.1.7.RELEASE/spring-beans-5.1.7.RELEASE.jar:/Users/ggreen/.m2/repository/org/springframework/spring-webmvc/5.1.7.RELEASE/spring-webmvc-5.1.7.RELEASE.jar:/Users/ggreen/.m2/repository/org/springframework/spring-aop/5.1.7.RELEASE/spring-aop-5.1.7.RELEASE.jar:/Users/ggreen/.m2/repository/org/springframework/spring-context/5.1.7.RELEASE/spring-context-5.1.7.RELEASE.jar:/Users/ggreen/.m2/repository/org/springframework/spring-expression/5.1.7.RELEASE/spring-expression-5.1.7.RELEASE.jar:/Users/ggreen/.m2/repository/com/fasterxml/jackson/module/jackson-module-kotlin/2.9.8/jackson-module-kotlin-2.9.8.jar:/Users/ggreen/.m2/repository/com/fasterxml/jackson/core/jackson-databind/2.9.8/jackson-databind-2.9.8.jar:/Users/ggreen/.m2/repository/com/fasterxml/jackson/core/jackson-core/2.9.8/jackson-core-2.9.8.jar:/Users/ggreen/.m2/repository/com/fasterxml/jackson/core/jackson-annotations/2.9.0/jackson-annotations-2.9.0.jar:/Users/ggreen/.m2/repository/org/apache/kafka/kafka-streams/2.0.1/kafka-streams-2.0.1.jar:/Users/ggreen/.m2/repository/org/apache/kafka/kafka-clients/2.0.1/kafka-clients-2.0.1.jar:/Users/ggreen/.m2/repository/org/lz4/lz4-java/1.4.1/lz4-java-1.4.1.jar:/Users/ggreen/.m2/repository/org/xerial/snappy/snappy-java/1.1.7.1/snappy-java-1.1.7.1.jar:/Users/ggreen/.m2/repository/org/apache/kafka/connect-json/2.0.1/connect-json-2.0.1.jar:/Users/ggreen/.m2/repository/org/apache/kafka/connect-api/2.0.1/connect-api-2.0.1.jar:/Users/ggreen/.m2/repository/javax/ws/rs/javax.ws.rs-api/2.1/javax.ws.rs-api-2.1.jar:/Users/ggreen/.m2/repository/org/slf4j/slf4j-api/1.7.26/slf4j-api-1.7.26.jar:/Users/ggreen/.m2/repository/org/rocksdb/rocksdbjni/5.7.3/rocksdbjni-5.7.3.jar:/Users/ggreen/.m2/repository/org/jetbrains/kotlin/kotlin-reflect/1.2.71/kotlin-reflect-1.2.71.jar:/Users/ggreen/.m2/repository/org/jetbrains/kotlin/kotlin-stdlib/1.2.71/kotlin-stdlib-1.2.71.jar:/Users/ggreen/.m2/repository/org/jetbrains/kotlin/kotlin-stdlib-common/1.2.71/kotlin-stdlib-common-1.2.71.jar:/Users/ggreen/.m2/repository/org/jetbrains/annotations/13.0/annotations-13.0.jar:/Users/ggreen/.m2/repository/com/github/nyla-solutions/nyla.solutions.core/1.2.4/nyla.solutions.core-1.2.4.jar:/Users/ggreen/.m2/repository/org/jetbrains/kotlin/kotlin-stdlib-jdk8/1.2.71/kotlin-stdlib-jdk8-1.2.71.jar:/Users/ggreen/.m2/repository/org/jetbrains/kotlin/kotlin-stdlib-jdk7/1.2.71/kotlin-stdlib-jdk7-1.2.71.jar:/Users/ggreen/.m2/repository/org/springframework/cloud/spring-cloud-stream/2.1.2.RELEASE/spring-cloud-stream-2.1.2.RELEASE.jar:/Users/ggreen/.m2/repository/org/springframework/boot/spring-boot-starter-validation/2.1.5.RELEASE/spring-boot-starter-validation-2.1.5.RELEASE.jar:/Users/ggreen/.m2/repository/org/springframework/spring-messaging/5.1.7.RELEASE/spring-messaging-5.1.7.RELEASE.jar:/Users/ggreen/.m2/repository/org/springframework/integration/spring-integration-core/5.1.5.RELEASE/spring-integration-core-5.1.5.RELEASE.jar:/Users/ggreen/.m2/repository/org/springframework/spring-tx/5.1.7.RELEASE/spring-tx-5.1.7.RELEASE.jar:/Users/ggreen/.m2/repository/io/projectreactor/reactor-core/3.2.9.RELEASE/reactor-core-3.2.9.RELEASE.jar:/Users/ggreen/.m2/repository/org/reactivestreams/reactive-streams/1.0.2/reactive-streams-1.0.2.jar:/Users/ggreen/.m2/repository/org/springframework/integration/spring-integration-jmx/5.1.5.RELEASE/spring-integration-jmx-5.1.5.RELEASE.jar:/Users/ggreen/.m2/repository/org/springframework/spring-tuple/1.0.0.RELEASE/spring-tuple-1.0.0.RELEASE.jar:/Users/ggreen/.m2/repository/com/esotericsoftware/kryo-shaded/3.0.3/kryo-shaded-3.0.3.jar:/Users/ggreen/.m2/repository/com/esotericsoftware/minlog/1.3.0/minlog-1.3.0.jar:/Users/ggreen/.m2/repository/org/springframework/integration/spring-integration-tuple/1.0.0.RELEASE/spring-integration-tuple-1.0.0.RELEASE.jar:/Users/ggreen/.m2/repository/org/springframework/retry/spring-retry/1.2.4.RELEASE/spring-retry-1.2.4.RELEASE.jar:/Users/ggreen/.m2/repository/org/springframework/cloud/spring-cloud-function-context/2.0.1.RELEASE/spring-cloud-function-context-2.0.1.RELEASE.jar:/Users/ggreen/.m2/repository/org/springframework/cloud/spring-cloud-function-core/2.0.1.RELEASE/spring-cloud-function-core-2.0.1.RELEASE.jar:/Users/ggreen/.m2/repository/org/springframework/cloud/spring-cloud-stream-binder-kafka-streams/2.1.2.RELEASE/spring-cloud-stream-binder-kafka-streams-2.1.2.RELEASE.jar:/Users/ggreen/.m2/repository/org/springframework/cloud/spring-cloud-stream-binder-kafka-core/2.1.2.RELEASE/spring-cloud-stream-binder-kafka-core-2.1.2.RELEASE.jar:/Users/ggreen/.m2/repository/org/springframework/integration/spring-integration-kafka/3.1.0.RELEASE/spring-integration-kafka-3.1.0.RELEASE.jar:/Users/ggreen/.m2/repository/org/springframework/kafka/spring-kafka/2.2.6.RELEASE/spring-kafka-2.2.6.RELEASE.jar:/Users/ggreen/.m2/repository/org/springframework/boot/spring-boot-starter-test/2.1.5.RELEASE/spring-boot-starter-test-2.1.5.RELEASE.jar:/Users/ggreen/.m2/repository/org/springframework/boot/spring-boot-test/2.1.5.RELEASE/spring-boot-test-2.1.5.RELEASE.jar:/Users/ggreen/.m2/repository/org/springframework/boot/spring-boot-test-autoconfigure/2.1.5.RELEASE/spring-boot-test-autoconfigure-2.1.5.RELEASE.jar:/Users/ggreen/.m2/repository/com/jayway/jsonpath/json-path/2.4.0/json-path-2.4.0.jar:/Users/ggreen/.m2/repository/net/minidev/json-smart/2.3/json-smart-2.3.jar:/Users/ggreen/.m2/repository/net/minidev/accessors-smart/1.2/accessors-smart-1.2.jar:/Users/ggreen/.m2/repository/org/ow2/asm/asm/5.0.4/asm-5.0.4.jar:/Users/ggreen/.m2/repository/junit/junit/4.12/junit-4.12.jar:/Users/ggreen/.m2/repository/org/assertj/assertj-core/3.11.1/assertj-core-3.11.1.jar:/Users/ggreen/.m2/repository/org/mockito/mockito-core/2.23.4/mockito-core-2.23.4.jar:/Users/ggreen/.m2/repository/net/bytebuddy/byte-buddy/1.9.12/byte-buddy-1.9.12.jar:/Users/ggreen/.m2/repository/net/bytebuddy/byte-buddy-agent/1.9.12/byte-buddy-agent-1.9.12.jar:/Users/ggreen/.m2/repository/org/objenesis/objenesis/2.6/objenesis-2.6.jar:/Users/ggreen/.m2/repository/org/hamcrest/hamcrest-core/1.3/hamcrest-core-1.3.jar:/Users/ggreen/.m2/repository/org/hamcrest/hamcrest-library/1.3/hamcrest-library-1.3.jar:/Users/ggreen/.m2/repository/org/skyscreamer/jsonassert/1.5.0/jsonassert-1.5.0.jar:/Users/ggreen/.m2/repository/com/vaadin/external/google/android-json/0.0.20131108.vaadin1/android-json-0.0.20131108.vaadin1.jar:/Users/ggreen/.m2/repository/org/springframework/spring-core/5.1.7.RELEASE/spring-core-5.1.7.RELEASE.jar:/Users/ggreen/.m2/repository/org/springframework/spring-jcl/5.1.7.RELEASE/spring-jcl-5.1.7.RELEASE.jar:/Users/ggreen/.m2/repository/org/springframework/spring-test/5.1.7.RELEASE/spring-test-5.1.7.RELEASE.jar:/Users/ggreen/.m2/repository/org/xmlunit/xmlunit-core/2.6.2/xmlunit-core-2.6.2.jar:/Users/ggreen/.m2/repository/org/springframework/cloud/spring-cloud-stream-test-support/2.1.2.RELEASE/spring-cloud-stream-test-support-2.1.2.RELEASE.jar:/Users/ggreen/.m2/repository/org/springframework/boot/spring-boot-autoconfigure/2.1.5.RELEASE/spring-boot-autoconfigure-2.1.5.RELEASE.jar:"/>
    <property name="sun.cpu.endian" value="little"/>
    <property name="user.home" value="/Users/ggreen"/>
    <property name="user.language" value="en"/>
    <property name="java.specification.vendor" value="Oracle Corporation"/>
    <property name="java.home" value="/Library/Java/JavaVirtualMachines/jdk1.8.0_161.jdk/Contents/Home/jre"/>
    <property name="basedir" value="/Projects/solutions/imani/dev/scdf/imani-postit-processor/imani-postit-processor-stream"/>
    <property name="file.separator" value="/"/>
    <property name="line.separator" value="&#10;"/>
    <property name="java.vm.specification.vendor" value="Oracle Corporation"/>
    <property name="java.specification.name" value="Java Platform API Specification"/>
    <property name="java.awt.graphicsenv" value="sun.awt.CGraphicsEnvironment"/>
    <property name="surefire.real.class.path" value="/Projects/solutions/imani/dev/scdf/imani-postit-processor/imani-postit-processor-stream/target/surefire/surefirebooter4943334250820237956.jar"/>
    <property name="sun.boot.class.path" value="/Library/Java/JavaVirtualMachines/jdk1.8.0_161.jdk/Contents/Home/jre/lib/resources.jar:/Library/Java/JavaVirtualMachines/jdk1.8.0_161.jdk/Contents/Home/jre/lib/rt.jar:/Library/Java/JavaVirtualMachines/jdk1.8.0_161.jdk/Contents/Home/jre/lib/sunrsasign.jar:/Library/Java/JavaVirtualMachines/jdk1.8.0_161.jdk/Contents/Home/jre/lib/jsse.jar:/Library/Java/JavaVirtualMachines/jdk1.8.0_161.jdk/Contents/Home/jre/lib/jce.jar:/Library/Java/JavaVirtualMachines/jdk1.8.0_161.jdk/Contents/Home/jre/lib/charsets.jar:/Library/Java/JavaVirtualMachines/jdk1.8.0_161.jdk/Contents/Home/jre/lib/jfr.jar:/Library/Java/JavaVirtualMachines/jdk1.8.0_161.jdk/Contents/Home/jre/classes"/>
    <property name="sun.management.compiler" value="HotSpot 64-Bit Tiered Compilers"/>
    <property name="ftp.nonProxyHosts" value="local|*.local|169.254/16|*.169.254/16"/>
    <property name="java.runtime.version" value="1.8.0_161-b12"/>
    <property name="user.name" value="ggreen"/>
    <property name="path.separator" value=":"/>
    <property name="os.version" value="10.14.5"/>
    <property name="java.endorsed.dirs" value="/Library/Java/JavaVirtualMachines/jdk1.8.0_161.jdk/Contents/Home/jre/lib/endorsed"/>
    <property name="java.runtime.name" value="Java(TM) SE Runtime Environment"/>
    <property name="file.encoding" value="UTF-8"/>
    <property name="java.vm.name" value="Java HotSpot(TM) 64-Bit Server VM"/>
    <property name="localRepository" value="/Users/ggreen/.m2/repository"/>
    <property name="java.vendor.url.bug" value="http://bugreport.sun.com/bugreport/"/>
    <property name="java.io.tmpdir" value="/var/folders/ms/1b4dljzx4sddv7s6s4jqsh8h0000gn/T/"/>
    <property name="java.version" value="1.8.0_161"/>
    <property name="user.dir" value="/Projects/solutions/imani/dev/scdf/imani-postit-processor/imani-postit-processor-stream"/>
    <property name="os.arch" value="x86_64"/>
    <property name="java.vm.specification.name" value="Java Virtual Machine Specification"/>
    <property name="java.awt.printerjob" value="sun.lwawt.macosx.CPrinterJob"/>
    <property name="sun.os.patch.level" value="unknown"/>
    <property name="java.library.path" value="/Users/ggreen/Library/Java/Extensions:/Library/Java/Extensions:/Network/Library/Java/Extensions:/System/Library/Java/Extensions:/usr/lib/java:."/>
    <property name="java.vm.info" value="mixed mode"/>
    <property name="java.vendor" value="Oracle Corporation"/>
    <property name="java.vm.version" value="25.161-b12"/>
    <property name="java.ext.dirs" value="/Users/ggreen/Library/Java/Extensions:/Library/Java/JavaVirtualMachines/jdk1.8.0_161.jdk/Contents/Home/jre/lib/ext:/Library/Java/Extensions:/Network/Library/Java/Extensions:/System/Library/Java/Extensions:/usr/lib/java"/>
    <property name="sun.io.unicode.encoding" value="UnicodeBig"/>
    <property name="java.class.version" value="52.0"/>
    <property name="socksNonProxyHosts" value="local|*.local|169.254/16|*.169.254/16"/>
  </properties>
  <testcase name="basicListOfEmails" classname="com.github.nylasolutions.imanipostitprocessor.ImaniPostitProcessorApplicationTests" time="0.02">
    <failure message="Has email" type="java.lang.AssertionError">java.lang.AssertionError: Has email
	at com.github.nylasolutions.imanipostitprocessor.ImaniPostitProcessorApplicationTests.basicListOfEmails(ImaniPostitProcessorApplicationTests.kt:38)
</failure>
  </testcase>
</testsuite>